<?xml version="1.0" encoding="UTF-8"?>
<!-- Generated by org.testng.reporters.JUnitXMLReporter -->
<testsuite ignored="0" hostname="Shankar" failures="1" tests="2" name="Test Runner-2" time="114.417" errors="0" timestamp="2024-05-28T21:21:27 IST">
  <testcase classname="com.practice.sample2Test" name="test2" time="18.938">
    <failure type="java.lang.AssertionError" message="expected [true] but found [false]">
      <![CDATA[java.lang.AssertionError: expected [true] but found [false]
at com.practice.sample2Test.test2(sample2Test.java:76)
at java.base/java.util.ArrayList.forEach(ArrayList.java:1511)
at java.base/java.util.concurrent.FutureTask.run(FutureTask.java:264)
at java.base/java.util.concurrent.ThreadPoolExecutor.runWorker(ThreadPoolExecutor.java:1136)
at java.base/java.util.concurrent.ThreadPoolExecutor$Worker.run(ThreadPoolExecutor.java:635)
at java.base/java.lang.Thread.run(Thread.java:842)
... Removed 22 stack frames]]>
    </failure>
  </testcase> <!-- test2 -->
  <testcase classname="com.practice.sample2Test" name="testScript7_Test" time="44.386"/>
</testsuite> <!-- Test Runner-2 -->
