<?xml version="1.0" encoding="UTF-8"?>
<!-- Generated by org.testng.reporters.JUnitXMLReporter -->
<testsuite ignored="11" hostname="Shankar" failures="0" tests="5" name="group" time="24.651" errors="0" timestamp="2024-02-27T17:17:11 IST">
  <testcase classname="com.practice.sample2Test" name="testScript1_Test" time="0.022"/>
  <testcase classname="com.practice.Sample1Test" name="testScript1_Test" time="0.007"/>
  <testcase classname="com.practice.Sample1Test" name="testScript3_Test" time="0.004"/>
  <testcase classname="com.practice.Sample1Test" name="testScript5_Test" time="0.007"/>
  <testcase classname="com.practice.sampleTest" name="testScript2_Test" time="0.007"/>
  <testcase classname="com.practice.sample2Test" name="testScript3_Test" time="0.0">
    <ignored/>
  </testcase> <!-- testScript3_Test -->
  <testcase classname="com.hms.genericUtils.BaseClass" name="@BeforeSuite connectToDB" time="0.0">
    <ignored/>
  </testcase> <!-- @BeforeSuite connectToDB -->
  <testcase classname="com.hms.genericUtils.BaseClass" name="@BeforeSuite connectToDB" time="0.0">
    <ignored/>
  </testcase> <!-- @BeforeSuite connectToDB -->
  <testcase classname="com.practice.sampleTest" name="testScript4_Test" time="0.0">
    <ignored/>
  </testcase> <!-- testScript4_Test -->
  <testcase classname="com.practice.sampleTest" name="testScript1_Test" time="0.0">
    <ignored/>
  </testcase> <!-- testScript1_Test -->
  <testcase classname="com.practice.sample2Test" name="testScript2_Test" time="0.0">
    <ignored/>
  </testcase> <!-- testScript2_Test -->
  <testcase classname="com.hms.genericUtils.BaseClass" name="@AfterSuite disconnectDB" time="0.0">
    <ignored/>
  </testcase> <!-- @AfterSuite disconnectDB -->
  <testcase classname="com.hms.genericUtils.BaseClass" name="@AfterSuite disconnectDB" time="0.0">
    <ignored/>
  </testcase> <!-- @AfterSuite disconnectDB -->
  <testcase classname="com.practice.Sample1Test" name="testScript4_Test" time="0.0">
    <ignored/>
  </testcase> <!-- testScript4_Test -->
  <testcase classname="com.practice.Sample1Test" name="testScript2_Test" time="0.0">
    <ignored/>
  </testcase> <!-- testScript2_Test -->
  <testcase classname="com.practice.sampleTest" name="testScript3_Test" time="0.0">
    <ignored/>
  </testcase> <!-- testScript3_Test -->
</testsuite> <!-- group -->
