<?xml version="1.0" encoding="UTF-8"?>
<!-- Generated by org.testng.reporters.JUnitXMLReporter -->
<testsuite ignored="4" hostname="Shankar" failures="0" tests="3" name="HMSApp" time="82.018" errors="0" timestamp="2024-02-28T09:52:51 IST">
  <testcase classname="com.AdminModule.VerifyAdmin_ableToAdd_Speicalization" name="verifivation" time="5.801"/>
  <testcase classname="com.DoctorModule.Book_AppointmentsTest" name="Book_Appointments_Test" time="30.616"/>
  <testcase classname="com.DoctorModule.AddPatientTest" name="AddPatient_Test" time="19.951"/>
  <testcase classname="com.hms.genericUtils.BaseClass" name="@BeforeSuite connectToDB" time="0.0">
    <ignored/>
  </testcase> <!-- @BeforeSuite connectToDB -->
  <testcase classname="com.hms.genericUtils.BaseClass" name="@BeforeSuite connectToDB" time="0.0">
    <ignored/>
  </testcase> <!-- @BeforeSuite connectToDB -->
  <testcase classname="com.hms.genericUtils.BaseClass" name="@AfterSuite disconnectDB" time="0.0">
    <ignored/>
  </testcase> <!-- @AfterSuite disconnectDB -->
  <testcase classname="com.hms.genericUtils.BaseClass" name="@AfterSuite disconnectDB" time="0.0">
    <ignored/>
  </testcase> <!-- @AfterSuite disconnectDB -->
</testsuite> <!-- HMSApp -->
