<?xml version="1.0" encoding="UTF-8"?>
<!-- Generated by org.testng.reporters.JUnitXMLReporter -->
<testsuite ignored="4" hostname="Shankar" failures="0" tests="1" name="Test" time="0.108" errors="0" timestamp="2024-03-05T16:54:26 IST">
  <testcase classname="com.practice.Sample1Test" name="testScript2_Test" time="0.018"/>
  <testcase classname="com.practice.Sample1Test" name="testScript1_Test" time="0.0">
    <ignored/>
  </testcase> <!-- testScript1_Test -->
  <testcase classname="com.practice.sampleTest" name="testScript2_Test" time="0.0">
    <ignored/>
  </testcase> <!-- testScript2_Test -->
  <testcase classname="com.practice.sample2Test" name="testScript7_Test" time="0.0">
    <ignored/>
  </testcase> <!-- testScript7_Test -->
  <testcase classname="com.practice.sampleTest" name="testScript1_Test" time="0.0">
    <ignored/>
  </testcase> <!-- testScript1_Test -->
</testsuite> <!-- Test -->
