<?xml version="1.0" encoding="UTF-8"?>
<testng-results ignored="0" total="1" passed="1" failed="0" skipped="0">
  <reporter-output>
  </reporter-output>
  <suite started-at="2024-03-09T12:16:40 IST" name="Default suite" finished-at="2024-03-09T12:16:41 IST" duration-ms="788">
    <groups>
    </groups>
    <test started-at="2024-03-09T12:16:40 IST" name="Default test" finished-at="2024-03-09T12:16:41 IST" duration-ms="788">
      <class name="com.practice.DataBaseReadMutlipleData">
        <test-method signature="methos()[pri:0, instance:com.practice.DataBaseReadMutlipleData@479d31f3]" started-at="2024-03-09T12:16:40 IST" name="methos" finished-at="2024-03-09T12:16:41 IST" duration-ms="696" status="PASS">
          <reporter-output>
          </reporter-output>
        </test-method> <!-- methos -->
      </class> <!-- com.practice.DataBaseReadMutlipleData -->
    </test> <!-- Default test -->
  </suite> <!-- Default suite -->
</testng-results>
